<?xml version="1.0" encoding="UTF-8"?>
<xzep:DataEnvelope xmlns:xzep="http://www.ditec.sk/ep/signature_formats/xades_zep/v1.0">
   <ds:Object xmlns:ds="http://www.w3.org/2000/09/xmldsig#" Id="id">
      <person personID="HR123456">
         <firstName>David</firstName>
         <lastName>Csomor</lastName>
         <gender>muz</gender>
         <birthDate>2019-10-02</birthDate>
         <status>slobodny</status>
         <child>
            <firstName>Martin</firstName>
            <lastName>hucko</lastName>
         </child>
         <child>
            <firstName>Peter</firstName>
            <lastName>Nagy</lastName>
         </child>
      </person>
   </ds:Object>
   <ds:Object xmlns:ds="http://www.w3.org/2000/09/xmldsig#" Id="idVerificationObject">
      <XMLVerificationDataReferences xmlns="http://www.ditec.sk/ep/signature_formats/xades_zep_xml/v2.0"
                                     DataTarget="#id">
         <SchemaReference>
            <ds:Reference URI="https://something.com/example.xsd">
               <ds:Transforms>
                  <ds:Transform Algorithm="http://www.w3.org/TR/2001/REC-xml-c14n-20010315"/>
               </ds:Transforms>
               <ds:DigestMethod Algorithm="http://www.w3.org/2001/04/xmlenc#sha256"/>
               <ds:DigestValue>zGedjIY5FvvjOMChaOltFTs2Zmhx2ozZUrGV9+83tFs=</ds:DigestValue>
            </ds:Reference>
         </SchemaReference>
         <VisualTransformReference>
            <VisualTransformType>HTML</VisualTransformType>
            <ds:Reference URI="https://something.com/example.xsl">
               <ds:Transforms>
                  <ds:Transform Algorithm="http://www.w3.org/TR/2001/REC-xml-c14n-20010315"/>
               </ds:Transforms>
               <ds:DigestMethod Algorithm="http://www.w3.org/2001/04/xmlenc#sha256"/>
               <ds:DigestValue>sYH6HLi64DkdfCMv/EVX6VVMcbt70RgwBUoldCyNqro=</ds:DigestValue>
            </ds:Reference>
         </VisualTransformReference>
      </XMLVerificationDataReferences>
   </ds:Object>
   <ds:Signature xmlns:ds="http://www.w3.org/2000/09/xmldsig#" Id="SIPVS_Ditec">
      <ds:SignedInfo>
         <ds:CanonicalizationMethod Algorithm="http://www.w3.org/TR/2001/REC-xml-c14n-20010315"/>
         <ds:SignatureMethod Algorithm="http://www.w3.org/2001/04/xmldsig-more#rsa-sha256"/>
         <ds:Reference Id="ReferenceSIPVS_DitecSignedProperties"
                       Type="http://uri.etsi.org/01903#SignedProperties"
                       URI="#SIPVS_DitecSignedProperties">
            <ds:Transforms>
               <ds:Transform Algorithm="http://www.w3.org/TR/2001/REC-xml-c14n-20010315"/>
            </ds:Transforms>
            <ds:DigestMethod Algorithm="http://www.w3.org/2001/04/xmlenc#sha256"/>
            <ds:DigestValue>8w6fRRL5f9bbhpPD5G1EdABb0fSVQVCGM7gziN2ZxuQ=</ds:DigestValue>
         </ds:Reference>
         <ds:Reference Id="ReferenceManifestid_62bea02c-40e9-4c4d-93c5-8e89092498cd"
                       Type="http://www.w3.org/2000/09/xmldsig#Manifest"
                       URI="#Manifestid_62bea02c-40e9-4c4d-93c5-8e89092498cd">
            <ds:Transforms>
               <ds:Transform Algorithm="http://www.w3.org/TR/2001/REC-xml-c14n-20010315"/>
            </ds:Transforms>
            <ds:DigestMethod Algorithm="http://www.w3.org/2001/04/xmlenc#sha256"/>
            <ds:DigestValue>StnONkG+/6ZzlNmCyNzsbII+dY4aJfW9GA3XJvowH3I=</ds:DigestValue>
         </ds:Reference>
         <ds:Reference Id="ReferenceManifestidVerificationObject_62bea02c-40e9-4c4d-93c5-8e89092498cd"
                       Type="http://www.w3.org/2000/09/xmldsig#Manifest"
                       URI="#ManifestidVerificationObject_62bea02c-40e9-4c4d-93c5-8e89092498cd">
            <ds:Transforms>
               <ds:Transform Algorithm="http://www.w3.org/TR/2001/REC-xml-c14n-20010315"/>
            </ds:Transforms>
            <ds:DigestMethod Algorithm="http://www.w3.org/2001/04/xmlenc#sha256"/>
            <ds:DigestValue>RqFBO6hDnCLOJcMvDtmS4sppqVJSwC+vpHnWrtxJmyU=</ds:DigestValue>
         </ds:Reference>
         <ds:Reference Id="ReferenceSIPVS_DitecSignatureProperties"
                       Type="http://www.w3.org/2000/09/xmldsig#SignatureProperties"
                       URI="#SIPVS_DitecSignatureProperties">
            <ds:Transforms>
               <ds:Transform Algorithm="http://www.w3.org/TR/2001/REC-xml-c14n-20010315"/>
            </ds:Transforms>
            <ds:DigestMethod Algorithm="http://www.w3.org/2001/04/xmlenc#sha256"/>
            <ds:DigestValue>jxtXKTCywf7mVV9L7PYNGvyjnkDsWrYxrP+kth2Zwh4=</ds:DigestValue>
         </ds:Reference>
         <ds:Reference Id="ReferenceSIPVS_DitecKeyInfo"
                       Type="http://www.w3.org/2000/09/xmldsig#Object"
                       URI="#SIPVS_DitecKeyInfo">
            <ds:Transforms>
               <ds:Transform Algorithm="http://www.w3.org/TR/2001/REC-xml-c14n-20010315"/>
            </ds:Transforms>
            <ds:DigestMethod Algorithm="http://www.w3.org/2001/04/xmlenc#sha256"/>
            <ds:DigestValue>7moX0+1Vt2rWqouIOdiNTm7Q/bx6fHWKOWFF7nKEc74=</ds:DigestValue>
         </ds:Reference>
      </ds:SignedInfo>
      <ds:SignatureValue Id="SIPVS_DitecSignatureValue">Y9CNZID+blk23t7PaKUfQPj+u1MV/Uy0sgbfCl4sR5uvFd/eqDcJXvMqlo2aIuUldSR0QcjP85Zk
fVM3f5Cu9+BjwlNb0+dhf4Kc6FQM3fEzoq5izHaSBCuoM+HPNIgrISsE9CSpkDDk3S0wH09yeuHi
1pwy6Y03CrUg/95oyN03DpoXxIx2dZug5VJenV8bNSd5gEy16ghonyHf8fP91TeqVpgo7xw3bJlo
2mPsoqUZXjGQNp4PzR03GherRTnVECprM6knJfMMj8DWORpT77TGnH1k0YNdfawCojCCF4Mhn5RZ
wQ9LHyBMMsgCdiz2dldi8M4FtGujQsba+gvgXA==</ds:SignatureValue>
      <ds:KeyInfo Id="SIPVS_DitecKeyInfo">
         <ds:X509Data>
            <ds:X509Certificate>MIIEYzCCA0ugAwIBAgIKMFJTmgAAAAABMjANBgkqhkiG9w0BAQsFADCBpDELMAkGA1UEBhMCU0sx
GDAWBgNVBAgTD1Nsb3ZhayBSZXB1YmxpYzETMBEGA1UEBxMKQnJhdGlzbGF2YTETMBEGA1UEChMK
RElURUMgQS5TLjEaMBgGA1UECxMRU29mdHdhcmUgRGl2aXNpb24xJDAiBgNVBAsTG0RUQyBDZXJ0
aWZpY2F0aW9uIEF1dGhvcml0eTEPMA0GA1UEAxMGRFRDIENBMB4XDTE1MTEyNDA4NTY1N1oXDTIw
MTEyMjE0MDQ1NVowGzEZMBcGA1UEAxMQQWRhbSBEaXRla2FjIDI1NjCCASIwDQYJKoZIhvcNAQEB
BQADggEPADCCAQoCggEBALEHwo6tj8Wzv6n185yPn9nFJMftcBVFykCmr7eNIWGvZDnW90/qsRi3
s3iz0YqX5BEBJRkPAmD1AkIdBJV52IYaSFI+Ha5cPfxNZCwm9vs8Ii/W+1yuQ5+dmNC5ABTKpa1O
xsQwEW/atr2tZSSSEj9nw4AcC3r+W/uhaqxhAKrhSBQvPbOuww/pQfddUvtKjd4vVKWCDqhaQgIC
ZKGtlcpRfq6jJiUfJWhgKrpqSKnNEY1HFHP9FNHl0pIPInyrI8qTuglNA2fS+WLl/ltl89XbxMCH
I0exlOjq78p3ib71b5i1AbuVu2Qtor1Kdo4gJYz4moufrMxOPhSy+JusDWMCAwEAAaOCAR0wggEZ
MA4GA1UdDwEB/wQEAwIE8DATBgNVHSUEDDAKBggrBgEFBQcDAjAdBgNVHQ4EFgQUnC1WIXQfLtp5
93EQ8Y19dJlVxswwHwYDVR0jBBgwFoAUvETqqT8gOvVlv1xUO2fUeDwXGcgwRgYDVR0fBD8wPTA7
oDmgN4Y1ZmlsZTovL0RFVi1DRVJUMy5pbnRyYS5kaXRlYy5zay9DZXJ0RW5yb2xsL0RUQyBDQS5j
cmwwagYIKwYBBQUHAQEEXjBcMFoGCCsGAQUFBzAChk5maWxlOi8vREVWLUNFUlQzLmludHJhLmRp
dGVjLnNrL0NlcnRFbnJvbGwvREVWLUNFUlQzLmludHJhLmRpdGVjLnNrX0RUQyBDQS5jcnQwDQYJ
KoZIhvcNAQELBQADggEBADGsTviGHeW8chmn0rt1xwx8lvyEJTGal8ph9HlzWDOB83+Ns/7SRSXM
epSIzJOhn/BXEWgr9ck0BA2Lg2XsC0v57c8Gd0c0r80p/Iw28VeFfDM83OLF/ycxFsBmulIV/akf
zAnprCWLuk+MKwQZ7yXsd73T4xp4kZk6DrKcUhucae/LaxzWQKteyk70fT21fmOS+Hamtw+YMC01
k1IBpQmKtWbZPH7pWPQZAsKp/6QOSK1iTRw+q6RTu+aSGZlyznF6husryeaGuUWRwCsy5FxXMElV
BD6Mv+aT7z1GSpSbgGmXPOHhou+SYyMD+0UfxnsZsMZyOuuJI63ReQaGVQ8=</ds:X509Certificate>
            <ds:X509IssuerSerial>
               <ds:X509IssuerName>CN=DTC CA, OU=DTC Certification Authority, OU=Software Division, O=DITEC A.S., L=Bratislava, S=Slovak Republic, C=SK</ds:X509IssuerName>
               <ds:X509SerialNumber>228192248319238714949938</ds:X509SerialNumber>
            </ds:X509IssuerSerial>
            <ds:X509SubjectName>CN=Adam Ditekac 256</ds:X509SubjectName>
         </ds:X509Data>
      </ds:KeyInfo>
      <ds:Object>
         <xades:QualifyingProperties xmlns:xades="http://uri.etsi.org/01903/v1.3.2#" Target="#SIPVS_Ditec">
            <xades:SignedProperties Id="SIPVS_DitecSignedProperties">
               <xades:SignedSignatureProperties>
                  <xades:SigningTime>2019-11-21T01:14:55+01:00</xades:SigningTime>
                  <xades:SigningCertificate>
                     <xades:Cert>
                        <xades:CertDigest>
                           <ds:DigestMethod Algorithm="http://www.w3.org/2001/04/xmlenc#sha256"/>
                           <ds:DigestValue>kpZRYmcKwey/15Z0PA3a9eMhYKDoGOCCsP2tv7kLeZE=</ds:DigestValue>
                        </xades:CertDigest>
                        <xades:IssuerSerial>
                           <ds:X509IssuerName>CN=DTC CA, OU=DTC Certification Authority, OU=Software Division, O=DITEC A.S., L=Bratislava, S=Slovak Republic, C=SK</ds:X509IssuerName>
                           <ds:X509SerialNumber>228192248319238714949938</ds:X509SerialNumber>
                        </xades:IssuerSerial>
                     </xades:Cert>
                  </xades:SigningCertificate>
                  <xades:SignaturePolicyIdentifier>
                     <xades:SignaturePolicyId>
                        <xades:SigPolicyId>
                           <xades:Identifier>urn:oid:1.3.158.36061701.1.2.2</xades:Identifier>
                        </xades:SigPolicyId>
                        <xades:SigPolicyHash>
                           <ds:DigestMethod Algorithm="http://www.w3.org/2001/04/xmlenc#sha256"/>
                           <ds:DigestValue>yHbUykqHUpXIOCRKQLQizJ7KO7OX4ODmy41iQvN/ip8=</ds:DigestValue>
                        </xades:SigPolicyHash>
                     </xades:SignaturePolicyId>
                  </xades:SignaturePolicyIdentifier>
               </xades:SignedSignatureProperties>
               <xades:SignedDataObjectProperties>
                  <xades:DataObjectFormat ObjectReference="#ReferenceManifestid_62bea02c-40e9-4c4d-93c5-8e89092498cd">
                     <xades:Description>XML</xades:Description>
                     <xades:ObjectIdentifier>
                        <xades:Identifier>https://something.com/example.xsd</xades:Identifier>
                     </xades:ObjectIdentifier>
                     <xades:MimeType>application/xml</xades:MimeType>
                  </xades:DataObjectFormat>
                  <xades:DataObjectFormat ObjectReference="#ReferenceManifestidVerificationObject_62bea02c-40e9-4c4d-93c5-8e89092498cd">
                     <xades:Description>Verifikačné dáta pre XML</xades:Description>
                     <xades:ObjectIdentifier>
                        <xades:Identifier>http://www.ditec.sk/ep/signature_formats/xades_zep_xml/v2.0</xades:Identifier>
                     </xades:ObjectIdentifier>
                     <xades:MimeType>application/xml</xades:MimeType>
                  </xades:DataObjectFormat>
               </xades:SignedDataObjectProperties>
            </xades:SignedProperties>
            <xades:UnsignedProperties>
               <xades:UnsignedSignatureProperties>
                  <xades:SignatureTimeStamp Id="1574331337666">
                     <xades:EncapsulatedTimeStamp>MIAGCSqGSIb3DQEHAqCAMIIH/QIBAzEPMA0GCWCGSAFlAwQCAQUAMIG2BgsqhkiG9w0BCRABBKCBpgSBozCBoAIBAQYNKwYBBAGBuEgBATIDADAxMA0GCWCGSAFlAwQCAQUABCBOL/iykck5JEDkXe/+tZIm8rfvv9t5hqQGHptnR7KxIQIB/xgTMjAxOTExMjExMDE1MzguNzA2WjAEgAIBwqA7pDkwNzELMAkGA1UEBhMCU0sxFDASBgNVBAoMC0RpdGVjLCBhLnMuMRIwEAYDVQQDDAlUUyBTaWduZXKgggTaMIIE1jCCA76gAwIBAgIIOISeImioENEwDQYJKoZIhvcNAQELBQAwNTELMAkGA1UEBhMCU0sxFDASBgNVBAoMC0RpdGVjLCBhLnMuMRAwDgYDVQQDDAdEVEMgVFNBMB4XDTExMDMwOTEyNTkzMVoXDTMxMDEwOTEyNTkzMVowNzELMAkGA1UEBhMCU0sxFDASBgNVBAoMC0RpdGVjLCBhLnMuMRIwEAYDVQQDDAlUUyBTaWduZXIwggEiMA0GCSqGSIb3DQEBAQUAA4IBDwAwggEKAoIBAQCU+W+/JoCTya+1Fi6SjYKFq48EfYKXY0+2dsk1HA+WVkSI3yrqzdRctEgeBeRA9z9RXRxZkc31wCOfdIuQ6M9V8qEY7LWA6Llyn02eWB226Yn8x94W58+Fxw8cvxBR+k8k8TvkIIxIbrB6uftciWnn2uCLxPYOTAOJRHi7QPBZkrkKZkU/6EtbxE60U91liOfhIDq/HelNcX0xRtZlXF67bjWI9ZFU7Wq3X632ex6zyWHcFuVXZXbNA8CYBaCYyIuiOp07bDdPu4pa3ooqEGokwi3w/ybxnvoX8p2wilZ9ERMuzOvj13j/uedo+peOvVj1z/lv1SYENvDQ1V7MRfRbAgMBAAGjggHmMIIB4jAdBgNVHQ4EFgQUxCba0QNdSLHWYenryUfjq9distgwHwYDVR0jBBgwFoAUyDGKR0aUKe35vZ/zxRyBHMXgbqMwgaEGA1UdIASBmTCBljCBggYNKwYBBAGBuEgBAQoDATBxMG8GCCsGAQUFBwICMGMaYVRlbnRvIGNlcnRpZmlrYXQgamUgdnlkYW55IGFrbyB0ZXN0b3ZhY2kgY2VydGlmaWthdCBwcmUgdnl2b2ogYXBsaWthY2lpIHYgc3BvbG9jbm9zdGkgRGl0ZWMsIGEucy4wDwYNK4EekZmEBQAAAAECAjBABgNVHR8EOTA3MDWgM6Axhi9odHRwOi8vREVWLVBBVkxJSy9EYXRhL0RUQyBUU0EvQ3Jscy9EVEMgVFNBLmNybDCBlAYIKwYBBQUHAQEEgYcwgYQwNgYIKwYBBQUHMAKGKmh0dHA6Ly9ERVYtUEFWTElLL0RhdGEvRFRDIFRTQS9EVEMgVFNBLmNlcjBKBggrBgEFBQcwAYY+aHR0cDovL0RFVi1QQVZMSUsvQ2VydEdlbi9PY3NwLmFzcHg/dXNlcj1wYXZsaWsmY2FuYW1lPURUQyBUU0EwCwYDVR0PBAQDAgDAMBYGA1UdJQEB/wQMMAoGCCsGAQUFBwMIMA0GCSqGSIb3DQEBCwUAA4IBAQBKRCh/vHp5rTZu27jMSE3C/0YpS9mvk6Tgwise5kC6jSkhBJMIvWv8qbVjobEUO2j4NgI2cZk9IQYLGVQ2e2VQi37P99WJxp+zv27SqKig/ZtZF2ijR1MyXaOcPOKQwTXtjmT2ELu0ug0tar/zkBnyDfyx5MPjGSzMVflh97q3jSrRsWeUu80bP78mFZJq3IJ0wEcu3Dk9DFcGaj13AjZN7O4smaXdA8PlL9sflI/vfCV3yyVpE9boTOcEJVzBjnCzI9idqAgqfu2ptWMNaWVMWMeCWn0xlbaEfFxZQGIeoiFGCwwGmmMpb8vGU86hI4Qbr45ODNrAsAGoevg67ZUpMYICTjCCAkoCAQEwQTA1MQswCQYDVQQGEwJTSzEUMBIGA1UECgwLRGl0ZWMsIGEucy4xEDAOBgNVBAMMB0RUQyBUU0ECCDiEniJoqBDRMA0GCWCGSAFlAwQCAQUAoIHfMBoGCSqGSIb3DQEJAzENBgsqhkiG9w0BCRABBDAcBgkqhkiG9w0BCQUxDxcNMTkxMTIxMTAxNTM4WjAvBgkqhkiG9w0BCQQxIgQgb6nJ0pAgf6pixQEfc0jiobOgU07smTQpFCpC2sritY4wcgYLKoZIhvcNAQkQAgwxYzBhMF8wXQQUQ97sQ2mxo4PeDoRh3j4w6Mz1OfYwRTA5pDcwNTELMAkGA1UEBhMCU0sxFDASBgNVBAoMC0RpdGVjLCBhLnMuMRAwDgYDVQQDDAdEVEMgVFNBAgg4hJ4iaKgQ0TANBgkqhkiG9w0BAQsFAASCAQBisqa2XPp26VvD1uHDxyXHOWGXI8WzRFd4sWyqy+K9zy85h81u74RIeGx/JcEfvrBDp3vCNPrIScTlorAqdrrHtaJEKumEIvbGJgWBvmijNfncn03ivWDBwq2pRvKAu1IInv88iOYE4wNQpMN/MBdRcBPIqcZuUmqjH7655dTLEvpZMuNaRQNgx2Bp1h/16ATMuQc7r5hxJmTSozvG6hji4Q7YEcaakYrlLciZQu2nM3F9ovT/BfowWe5qsbwwBfocptprdRuUMHdF97Su/zH1HWRWtW7wLBLBCdd+veDCDVCNyoAQCgDmhPm1KCWBpcjycK5nvq/zJDXpcuBImyAQAAAAAA==</xades:EncapsulatedTimeStamp>
                  </xades:SignatureTimeStamp>
               </xades:UnsignedSignatureProperties>
            </xades:UnsignedProperties>
         </xades:QualifyingProperties>
      </ds:Object>
      <ds:Object>
         <ds:SignatureProperties Id="SIPVS_DitecSignatureProperties">
            <ds:SignatureProperty Target="#SIPVS_Ditec">
               <xzep:SignatureVersion>http://www.ditec.sk/ep/signature_formats/xades_zep/v1.0</xzep:SignatureVersion>
            </ds:SignatureProperty>
            <ds:SignatureProperty Target="#SIPVS_Ditec">
               <xzep:ProductInfos>
                  <xzep:ProductInfo>
                     <xzep:ProductName>Ditec.Zep.DSigXades.XadesSig</xzep:ProductName>
                     <xzep:ProductVersion>4.0.0.8</xzep:ProductVersion>
                  </xzep:ProductInfo>
                  <xzep:ProductInfo>
                     <xzep:ProductName>Ditec.Zep.DSigXades.Plugins.PdfObject</xzep:ProductName>
                     <xzep:ProductVersion>4.0.0.7</xzep:ProductVersion>
                  </xzep:ProductInfo>
                  <xzep:ProductInfo>
                     <xzep:ProductName>Ditec.Zep.DSigXades.Plugins.PngObject</xzep:ProductName>
                     <xzep:ProductVersion>4.0.0.4</xzep:ProductVersion>
                  </xzep:ProductInfo>
                  <xzep:ProductInfo>
                     <xzep:ProductName>Ditec.Zep.DSigXades.Plugins.TxtObject</xzep:ProductName>
                     <xzep:ProductVersion>4.0.0.4</xzep:ProductVersion>
                  </xzep:ProductInfo>
                  <xzep:ProductInfo>
                     <xzep:ProductName>Ditec.Zep.DSigXades.Plugins.XmlObject</xzep:ProductName>
                     <xzep:ProductVersion>4.0.0.9</xzep:ProductVersion>
                  </xzep:ProductInfo>
               </xzep:ProductInfos>
            </ds:SignatureProperty>
         </ds:SignatureProperties>
      </ds:Object>
      <ds:Object>
         <ds:Manifest Id="Manifestid_62bea02c-40e9-4c4d-93c5-8e89092498cd">
            <ds:Reference Type="http://www.w3.org/2000/09/xmldsig#Object" URI="#id">
               <ds:Transforms>
                  <ds:Transform Algorithm="http://www.w3.org/TR/2001/REC-xml-c14n-20010315"/>
               </ds:Transforms>
               <ds:DigestMethod Algorithm="http://www.w3.org/2001/04/xmlenc#sha256"/>
               <ds:DigestValue>kt5ZrHBX4iB56ReuD/k/+XJtPkQH+OluDtBd/LdKuC8=</ds:DigestValue>
            </ds:Reference>
         </ds:Manifest>
         <ds:Manifest Id="ManifestidVerificationObject_62bea02c-40e9-4c4d-93c5-8e89092498cd">
            <ds:Reference Type="http://www.w3.org/2000/09/xmldsig#Object"
                          URI="#idVerificationObject">
               <ds:Transforms>
                  <ds:Transform Algorithm="http://www.w3.org/TR/2001/REC-xml-c14n-20010315"/>
               </ds:Transforms>
               <ds:DigestMethod Algorithm="http://www.w3.org/2001/04/xmlenc#sha256"/>
               <ds:DigestValue>SEUA5Zxx3k63+NQqPkBFZOaucWrMzGloBV7KUFKQhWY=</ds:DigestValue>
            </ds:Reference>
         </ds:Manifest>
      </ds:Object>
   </ds:Signature>
</xzep:DataEnvelope>
